正在检查：00006109C80000000000000000F01FEC
正常。
正在检查：00006109C80040800000000000F01FEC
正常。
正在检查：00006109DD0000000100000000F01FEC
正常。
正在检查：00006109F80000000100000000F01FEC
正常。
正在检查：002DC1B72028CF049A8940DBDD8EEE08
异常。
正在检查：0112BB5534BF3B94394F49A5C0BFA0C6
正常。
正在检查：01553B414BB60C74697898701AD5A703
正常。
正在检查：0253C97C28EF72243AFE1E2E86A1B7F0
异常。
正在检查：03EDFA1163E6B21428027A381126B519
异常。
正在检查：040DF5E0EBDFA7344A707FF470E5AA51
异常。
正在检查：04D963A232ECA1241837C303A3A03855
正常。
正在检查：05FC13EDCD1822B4DBF1D5D3C3BD7AAE
异常。
正在检查：0626DB0054A2C3241905D25161DB693B
正常。
正在检查：063B56F6CD8F39A4486919F30B030497
异常。
正在检查：0758421AB3C7B7646B7AC31A7F02EE90
正常。
正在检查：076EFB2135ADC0E43973262EA5D3E0A4
异常。
正在检查：07E56304001785A43024C3B0BA4CDE8B
异常。
正在检查：0842F9273E6906244B1F3A50A48946D5
正常。
正在检查：0910000002202502488C8B9DF53A8C3C
正常。
正在检查：0A0BEA49C563B9445B372DCE3B35BE60
异常。
正在检查：0A4B643700420150000007C5D0680240
异常。
正在检查：0A7A211054F9E4F44BE775E0E6877250
异常。
正在检查：0DBE260CF12E7FD4DA5422D603774EDB
异常。
正在检查：0DE1D7CC420201400000C19C52691920
异常。
正在检查：0E281C4A107D4E04CBBB2663BAAF10E3
正常。
正在检查：0E617BB000020101000090D72C3F45FD
异常。
正在检查：0E617BB000610101000090D72C3F45FD
异常。
正在检查：0E617BB000710101000090D72C3F45FD
异常。
正在检查：0E617BB000910101000090D72C3F45FD
异常。
正在检查：0EED2FFC4704FD9469C539C223E85091
异常。
正在检查：0F03585CC73F2FC4E93A76EC20E7A404
异常。
正在检查：1028D2112A302B3468B1BEF3BC585574
正常。
正在检查：10A26EAC0F3C3A2889B6DCEC2D281764
异常。
正在检查：111B16EC578F7F746AECB6CBE692473B
异常。
正在检查：114FE2461DF13DA4F8A9AB137EC573BA
正常。
正在检查：11B1BC27B586A5048A0A9578CC5D390A
正常。
正在检查：11C4D36BEB30EA84FBFFB7CEF8D7B601
正常。
正在检查：11EECAF8E2C4C114CAB86340D31B1EA8
正常。
正在检查：11F445CE09C8AD54D8EF8B99E1E4A931
异常。
正在检查：12E42102B602F58438F841BB88610154
正常。
正在检查：12FAFA27BF335A5449869ACE7024F728
异常。
正在检查：13181621A9AAEAD43978EC447159B5F9
异常。
正在检查：1377F3828FE496742B7987CEFE90BE92
异常。
正在检查：13F6CCDC42020094E8B95D267B60796B
异常。
正在检查：13F6CCDC42022094E8B95D267B60796B
异常。
正在检查：14DCC6E369B6DB74E8E17D5B39EC9E67
正常。
正在检查：14ECC8E63E835184D8F98A5B20ADDC14
正常。
正在检查：15546C8F628A58146999AF3C67167ABE
异常。
正在检查：1710F7988CDCBFA42AB7165B2B69462E
异常。
正在检查：173FFB67C86762E408FD8ADCE74A1598
异常。
正在检查：17AC8C5689F5A3D429731C3E9FC04420
异常。
正在检查：17B330317EC551D42943471CB95C64A6
异常。
正在检查：17DCB08BFBD72DE4A9652BE31C3A1563
正常。
正在检查：18CEDD01090186D4E833F93F9C3CA7CA
异常。
正在检查：192415323FEDDF246AC79AE6539CF242
正常。
正在检查：1926E8D15D0BCE53481466615F760A7F
正常。
正在检查：195DD4F746821000000017707DF0D34B
异常。
正在检查：195DD4F746821000022517707DF0D34B
异常。
正在检查：1A3A92B9A5520C44CBAC3E44A7143FA2
异常。
正在检查：1A79948EF6D4B0C46BD08FB563D06266
正常。
正在检查：1af2a8da7e60d0b429d7e6453b3d0182
正常。
正在检查：1BAD2218D4DE6763BBA0AC63186945E3
正常。
正在检查：1C319B6023C16EF4F82ED02EEC9CFBAD
正常。
正在检查：1CF6D074207D9E04EA62CCD8512C03DE
正常。
正在检查：1D5E3C0FEDA1E123187686FED06E995A
正常。
正在检查：1DCED64B46821FE40000227DE11878C7
异常。
正在检查：1E1D05FD03E53A64DA08F0E151FE265B
异常。
正在检查：1FC34D597444A504DBD88B05369385AF
异常。
正在检查：202E8F9CC3539EC43B4DE43EE852D8AD
异常。
正在检查：2144B257921A2BC4DA696B9DE7DA0309
正常。
正在检查：217AE181260279A418C4C1243D24D94A
正常。
正在检查：21D8B161B14CFCA4B95B1EEF6E878896
异常。
正在检查：221F7E5ECC50E9B41B26E099EAC8BAE6
异常。
正在检查：23924B251C514D549840CF1371EE6EB9
正常。
正在检查：239FBFA15A164B442A5581B21A502DFE
正常。
正在检查：23D8C92D0E8C8A24AA12174A1CB7A6DC
异常。
正在检查：23FB66AC37373D14386EEABE007F777E
异常。
正在检查：24A8CAE7CAF9B6F4AAFB0CC8F9E2F031
正常。
正在检查：24D669A36842F7643B743D07259D7384
异常。
正在检查：257F3D6A11FBC7D41BC96F9FA653FC05
异常。
正在检查：2582A1852B7638B47B1874A365D1CC36
正常。
正在检查：259844620CADF4449A7ED1551BBFD10C
正常。
正在检查：25F9A4F7F371D0B41BAE62C923DE8A72
异常。
正在检查：26351FFB6EAC375F9AC31EBBDBEE9336
异常。
正在检查：268BADB7F10E7E1189C600C092B62FB9
正常。
正在检查：26921968CC74F2D439176C1ED0C886C4
异常。
正在检查：27B3E6AD880342029939549DFFA18D0D
异常。
正在检查：27EBDA6240E140D4BBAAAE35C95D9DD1
异常。
正在检查：286C545DA1A9CF143AFE46D76AB20839
异常。
正在检查：28B45CAE73A7E9A49835743461DB046F
异常。
正在检查：2A37E8EFF0B996341826CC543DC960B9
异常。
正在检查：2AC6CCF8BCCF98E47AFDD34DE6B06F1F
正常。
正在检查：2ADE722161FB2BE48BDE73628982C5B9
异常。
正在检查：2AFFDB8DBAA1AB7418CD0B9BDF959984
异常。
正在检查：2B7A1789CA7C6AA4A8DED41DF1BED8D5
正常。
正在检查：2C0CB2B2B63C9CD4D9EA0E30814007DB
正常。
正在检查：2C632AFBBAA14DD429C67DB09025DD13
异常。
正在检查：2CC50580F7AE8184C9547BE4AD27728F
正常。
正在检查：2DA61E72D1938704FBF770C7AB6B2EAC
正常。
正在检查：2F7AD077B7186AA4190680BB56A8DB6C
异常。
正在检查：2FAC3A0975D1F5545971A850B619C52D
正常。
正在检查：2FD1669E0B1EF324FBAFA1E60F1B03B7
异常。
正在检查：3067962563D3DDB47A006866A704AB59
正常。
正在检查：30AF059688B857646B58BF12AC7126CC
异常。
正在检查：3173A7E8D155A333291701FED4778AF0
异常。
正在检查：31B2AA3CDF7497A4B82173D114ECAB85
异常。
正在检查：325F9F2F024C6954BB7A89B74FE05538
正常。
正在检查：3343E2364C2CB774A81C3BFD7CE3CCC6
异常。
正在检查：35E76AD019EEC0541895AFF1B9783D00
正常。
正在检查：378037DF1D33F1D4A90E2E9585F68872
异常。
正在检查：3834E146536F4D24FA9C39FA2BE891F9
异常。
正在检查：39315F492D954F8438F0FD4FB1D1466B
正常。
正在检查：3946CA2DD4BBF8B4487BCE047E2CA07F
异常。
正在检查：3960DD58EFEC85C44ADB56CF0BCB22B5
异常。
正在检查：3ADAFC89D72529A41906EE64F3EC595A
异常。
正在检查：3C872E08980CE7D48BA3C9576A195F62
正常。
正在检查：3CE495CBCA17FFE40940D2BA9E7CD9A7
正常。
正在检查：3D348B8613C5C0F46BC166C279DFDAC1
异常。
正在检查：3FE5190A76783E8DB78EC4312D4E0A05
异常。
正在检查：405B6FA60BC1C4052FF060119710E4D6
异常。
正在检查：415FADDE25A4B9443B28B0D7293AF924
正常。
正在检查：41BE1699F44B95640A99C9982CFCDA63
异常。
正在检查：425FAF1894F51654AB225AA211FD4F1D
异常。
正在检查：42BAAE3E3C0597E40BA11395AB105476
异常。
正在检查：437D4E59CA2EDB640A7D8B1EDAC1D0E2
正常。
正在检查：4396FC35D89A48D31964CFE4FDD36514
正常。
正在检查：43DC0A7EB9F16943DA3BF281D003F2A6
异常。
正在检查：448A5CFAA3AC6654987EE3426EFA9F3A
正常。
正在检查：45719779E4FF96D4CB9FB630E3147517
异常。
正在检查：4588AEA179573DC449F8D83E469DE470
异常。
正在检查：45ED813D0ABF6DE48AB5A370F97126B6
异常。
正在检查：46FA0778B4BB4044DB6DA68F4E4C16CF
异常。
正在检查：4724B310E652C354498D3552B339C913
异常。
正在检查：47586AF0B09600B498AA2B9864324194
正常。
正在检查：483600E1A471795439A0C948B8E7A2A5
正常。
正在检查：498A1AB9F24B5084CBC843C909A59303
正常。
正在检查：49E00E7087A7AF04B9FE171C099E0814
正常。
正在检查：49E2BA3E845D7A84F9E04AD428DED1A7
正常。
正在检查：4A5111F6B9D39434E8C94B3181763B8E
正常。
正在检查：4B778A5EFC851524D84F9A83694FBB56
正常。
正在检查：4CDC528599E49FC419EFBD060C2E5FAE
异常。
正在检查：4DEDA0AED1383B546B217CDFA0E1B2BA
异常。
正在检查：4E00FA28104201000000CF0E8F074200
异常。
正在检查：4E68EA734D1773E449422FD592C8A79D
正常。
正在检查：4EA42A62D9304AC4784BF2681408660F
正常。
正在检查：4EB483AA104201000000797E7D0D4200
异常。
正在检查：4EB483AA4202014000002914DA00D25A
异常。
正在检查：4EC527AAD9428424BBC019879E21FE01
异常。
正在检查：4F882D0842CF66A468BD857060C86354
正常。
正在检查：50F0548D52E05D747B515C516BA1CCA0
异常。
正在检查：51C65B3B8A08279409BC8DE0463B3FC9
正常。
正在检查：52DB97960017A97401102786B4953024
异常。
正在检查：533DFF74E7480464A93A42A5B51E8393
正常。
正在检查：5416CE53333EBD24CB3B83D06F41C011
异常。
正在检查：554FAB413264307409D6F7EB947EDE32
正常。
正在检查：561FE9E317587DB4CB5F49E5A38B8D78
异常。
正在检查：567C1266C96564D48A9E6CA974793175
异常。
正在检查：568F77E34CC89A9428FB0AB19B711A5A
异常。
正在检查：56FE97613F5584249BE1B6B31E6AC9FD
异常。
正在检查：593A1E8712DFA994192A1653AB16216B
异常。
正在检查：599CD6597991CD34CAAFAE1356D21613
正常。
正在检查：5A1DE19E1891BA84DB1D1D648A47FF79
正常。
正在检查：5A6B65A76A2EB434BBD7BDD0A1333700
异常。
正在检查：5B55E0BC59F53E74C8D74C46610C14D4
异常。
正在检查：5B726C6AD416A2149AAC496B13B92A61
异常。
正在检查：5C1C02AE85B912546AFC8BFE50420009
异常。
正在检查：5D1461C2E7347EE4CBE598CFCDFD90DB
正常。
正在检查：5D753BDF87CCA084D8621CD5A1786724
异常。
正在检查：5D8768C429651BC41AAAFF167B56B762
异常。
正在检查：5E840DA80759E2445A2A1BC2628179E7
异常。
正在检查：5EFC6FBE79957194BBAD0E2D3DCC7E90
异常。
正在检查：5F00AA0D42020094BBC71229D92C2B14
异常。
正在检查：623AC3C3D1F37B340BDABC0CB6D2DEA5
异常。
正在检查：62B5DEC695F56854E90CE3295BCE7FE6
正常。
正在检查：67962C8715055CE428E6579CE3018D04
异常。
正在检查：67D59CC5897A2274EA674E499D669470
正常。
正在检查：67D6ECF5CD5FBA732B8B22BAC8DE1B4D
正常。
正在检查：682A28BFC66BBF644B567AA93A84C6D1
异常。
正在检查：6908EE0AF55E2E746A2E7CCCA0DA0222
正常。
正在检查：6A152D1255B560D41AC6079A1F3ED1DA
异常。
正在检查：6C681432D88A39548AE87AC0AFB7EA76
异常。
正在检查：6C68A667A09901D44BDB3733607D450F
正常。
正在检查：6CC96CB29BFE00041B133F3C7375E804
异常。
正在检查：6D2C0ACDFB38EA141BBA4C810120ED04
异常。
正在检查：6D896E78CA20E5846AAB19499CC45C74
正常。
正在检查：6E815EB96CCE9A53884E7857C57002F0
正常。
正在检查：6E9D87A4943DACC42959541BB25ECBC6
正常。
正在检查：6EE1854504A118C4CB62725B9DE542D5
正常。
正在检查：6F233501FB8D34541B4355E40DCBD90A
正常。
正在检查：702AAEB7BE3E8493BB3B33B6408D2A1F
正常。
正在检查：70D63E850005000010208C454F8489DE
异常。
正在检查：70D63E851003000010208C454F8489DE
异常。
正在检查：70D63E851008000010208C454F8489DE
异常。
正在检查：70D63E851008000011208C454F8489DE
异常。
正在检查：70D63E851008000012208C454F8489DE
异常。
正在检查：70D63E851009000010208C454F8489DE
异常。
正在检查：70D63E851009000011208C454F8489DE
异常。
正在检查：70D63E851009000012208C454F8489DE
异常。
正在检查：70D63E85100A000010208C454F8489DE
异常。
正在检查：70D63E85100A000011208C454F8489DE
异常。
正在检查：70D63E85100A000012208C454F8489DE
异常。
正在检查：70D63E85100B000010208C454F8489DE
异常。
正在检查：70D63E85100B000011208C454F8489DE
异常。
正在检查：70D63E85100B000012208C454F8489DE
异常。
正在检查：70D63E85100C000010208C454F8489DE
异常。
正在检查：70D63E85100C000011208C454F8489DE
异常。
正在检查：70D63E85100C000012208C454F8489DE
异常。
正在检查：70D63E85100D000010208C454F8489DE
异常。
正在检查：70D63E85100D000011208C454F8489DE
异常。
正在检查：70D63E85100D000012208C454F8489DE
异常。
正在检查：70D63E85100E000010208C454F8489DE
异常。
正在检查：70D63E85100E000011208C454F8489DE
异常。
正在检查：70D63E85100E000012208C454F8489DE
异常。
正在检查：70D63E851017000010208C454F8489DE
异常。
正在检查：70D63E851036000010208C454F8489DE
异常。
正在检查：7290BDEE8DB3943458E624A541C66C08
正常。
正在检查：7397B5ED5B5D7514CB03BB780F12FC0F
异常。
正在检查：73C5822B0CF5A5447A0DF7334118DD65
异常。
正在检查：748610A0FCC215D4490BEA16AC726A57
异常。
正在检查：74DFDCF403CA1F248BF3478DEFD4C119
异常。
正在检查：7705D418F39C2E248B571707701C689B
异常。
正在检查：77823FDFC6B376D4183A8775BCFA1401
正常。
正在检查：786E704C5F52D6E418BB218F0CEBB24A
异常。
正在检查：795C66C3AAB3D304B9DC65E17DB8F0B1
正常。
正在检查：79D7892264A59DB41B5AF2EF44020118
正常。
正在检查：7AF3722FC7117D34DB95000B52354524
正常。
正在检查：7B06152349179E84F8FE352E15D77884
异常。
正在检查：7BE3359CE6EA4734B99ACD897726D45F
正常。
正在检查：7C9F8B73BF303523781852719CD9C700
正常。
正在检查：7FBBDB4ED7F49F4428C53916102838A5
异常。
正在检查：83196E3BEBB0D144C905532800016D02
正常。
正在检查：831E9E77C4D0E594EB7767E17179AB61
异常。
正在检查：837E3605104201000000B7B7A90B4200
异常。
正在检查：8386DE825E8DC4548A31215CBE44C7BA
异常。
正在检查：838C2CFBDE8878C429294C3F19FD86BC
异常。
正在检查：8465C2BDD007FEA4381E077CF2C043AF
正常。
正在检查：85128E6D9B5081A46A42AE31B57C7766
异常。
正在检查：859EFEC0A17E1714D9FE779E32A46531
异常。
正在检查：85D1DE69C0445434F8EE4C8731666CF7
正常。
正在检查：86A1229A0DA551245BF4BCD5ABF42BC7
正常。
正在检查：86BD42D51A3457C4EACF09D2E20C2ED5
异常。
正在检查：8702E5810017924410139C083F4CCBBF
异常。
正在检查：876202D57965EB544BFD2380BEEF4851
异常。
正在检查：8778D5BA3F182E74784A537E67DC66B4
异常。
正在检查：8780CF0B117C2374C9726D2D300390FF
异常。
正在检查：87B3F0DF88A965A4FA4E825B8D4F3AA0
异常。
正在检查：8800A266DCF6DD54E97A86760485EA5D
正常。
正在检查：884B74FA08795BA49AE767E28210C36A
正常。
正在检查：88502437B12BF024E946DA1144229CEF
正常。
正在检查：8880BF62595A15049B9DB3EEC241AF93
异常。
正在检查：897B434E28B0C6548B20B6B2F3CE3A4B
正常。
正在检查：89C56E9111F8DA94AA557953F66A01A8
异常。
正在检查：8A567BD6FA501A947AD1F646E53EEC14
正常。
正在检查：8B763DE9F934DAE47AB795566A56E55A
异常。
正在检查：8CB7D6938C3EE3B4C8065DD049DF0FD9
正常。
正在检查：8CBC41390B98EA14798A061266C6C346
异常。
正在检查：8CC6DF2F5E283DD439A3CDE7F036E655
正常。
正在检查：8FE15CDAD38220E499FBA8213207FF0B
异常。
正在检查：913EC29D5D72AD24FB21B3747C5CD304
异常。
正在检查：91644F7EB21AC7044AEAE95882E03FBA
正常。
正在检查：91B8DFE76E9AFC149AF69B6B3EE03C54
异常。
正在检查：9256BC3E93CF5E64CAD69AD72D1E82F6
正常。
正在检查：92C8B214CB1F19730AAB94A0050277AF
异常。
正在检查：92DCC21F930F9C04C9A2973F89DB58B7
正常。
正在检查：9337B8DB95573CF4596E6234424D2553
异常。
正在检查：935EB16E0AAED644B92338079FA9133A
正常。
正在检查：93945105703452F4CB349361C5F0D52C
异常。
正在检查：95A27E13445FC934D982710C068B6A7C
正常。
正在检查：960FBFB013659B84E8C99D41DCE14F9E
异常。
正在检查：968C7CD96C4AAC849A8362BDF15CCFB3
异常。
正在检查：97BFC25026D93E24A851ED662C9CC7E3
正常。
正在检查：97F07E0FBF4A2DE4DB99BB4321957C86
异常。
正在检查：985D79AFE73B94B38A2D7446207937EF
异常。
正在检查：99F7EB15D96518E46BC25089B98292A3
异常。
正在检查：9C55C33E001768D4CA29D03B2A1AAEC1
异常。
正在检查：9CF8C926367385C428462588EA43FAFE
异常。
正在检查：9DF624F1A20673B4C9FE29C120A5EF0E
正常。
正在检查：9F3893BE06D3D6541AA11C63C697DAE3
异常。
正在检查：9F3C6F0A7B7044343A32D914BF8AEE6C
异常。
正在检查：9F48717E76B525045ACF550C83939663
正常。
正在检查：9FA9026E5F6F8A647ACC0E4BFD52611C
异常。
正在检查：A069753E25A9FCA02B449CF5528F15F3
异常。
正在检查：A1AC1D72A71774A46808D9535EE7ED4B
异常。
正在检查：A2448F2AC685FBF4996C614EA771B0D1
异常。
正在检查：A3C7D9A884D9CD649864C211D33CF813
异常。
正在检查：A51787C81D01F0046AA4558DC55E95DC
正常。
正在检查：A62F39F77F5E1EA448F08FD8EFD23E5A
正常。
正在检查：A7501A3C5A6269843AD907D0E63CCB49
正常。
正在检查：A7BFEC817B730304886F8942871038F2
正常。
正在检查：A8D7964E0C9DECB4CAF7A565DD525092
正常。
正在检查：AA2428F652B1C124E854CF95879DAAA3
异常。
正在检查：AB297010A1550CA37AFEF0BA14653C28
正常。
正在检查：ABA84BC3E14FAB04986EEE61BFC2BBC0
异常。
正在检查：ABCA7F0AF5707CB48AA5D53C10CFCE47
异常。
正在检查：AC51E8CAEEBCDA84E99618EA08DC7831
异常。
正在检查：ACBEADD8762461E4F90E8DF7123D8619
异常。
正在检查：AD3C9A691B9DD7040907459181F171DB
异常。
正在检查：AD6D4B6BA764EAD41B20D2C77EF34386
异常。
正在检查：ADB5BAD7209D7AE46BECBCF930750804
异常。
正在检查：AF8F28CC292F74B40B2FB3AF709E76DF
异常。
正在检查：AFD5F4CAD48A68A4F924D4FABD232F97
正常。
正在检查：B132D2CFA1156A5468F3C494BD3BEF1C
正常。
正在检查：B16A3B3F61CDA9242A06BDFA6E76149A
正常。
正在检查：B1A27EE950ACFCA429EE123DABA207C4
正常。
正在检查：B1CCEC48FE121B14A919E327E4D5993D
正常。
正在检查：B1DAFCD7BC964934E86F2ECECEFD90C8
异常。
正在检查：B2E5C238B1FB3A54AB7F3C2F2ABD3EFE
异常。
正在检查：B4016336657A6B34E9A4096A0F7B7390
异常。
正在检查：B4C8D4FB139D26D47ADEA8432BCFD0B1
异常。
正在检查：B516954D0B38F804F893C60CC772B76A
异常。
正在检查：B570005D23C352842A7974F38FC8865A
异常。
正在检查：B63868D7AFFE37B479C65E4EEA1917AD
正常。
正在检查：B6457ED65B903E10B8B6D2C3CA009C62
异常。
正在检查：B6FB9AFD8D1D46E4080FB8A3DDE0E46B
正常。
正在检查：B74A5101CA40CB04092087BEB2680BBE
正常。
正在检查：B79FBF581A1ADFE4085A50FBCDCB653C
正常。
正在检查：B80F7744104201000000A9908D434200
异常。
正在检查：B86A33C5B6E09384799BA78769BD4240
正常。
正在检查：B88CF35343D84F244A70C615DEC59D91
异常。
正在检查：BA64C34DCC754E84381B15C4BD1F845A
正常。
正在检查：BB2672E9A6871D94BB285725B4D31A8D
异常。
正在检查：BBAAF42F27C060F4B955BD808C4837C0
异常。
正在检查：BC350EB9FA9FD814898D62FD39459DC2
异常。
正在检查：BC55B7FF3CDC48042BA7C6B35608D04D
异常。
正在检查：BC6D3126852D3A741B0AEEE1C580D0FC
异常。
正在检查：BCA2E6AC6494A274A9C6F8C49F467D80
异常。
正在检查：BE4C270A3716C4743BAAC97998F61C35
正常。
正在检查：BE7E3248446902543BB106526202AB74
异常。
正在检查：BF0DFE98F03183D4BA6182EB482854B8
正常。
正在检查：BF466C9A76F55D749B9A78ACE067C2D7
异常。
正在检查：BF56A603724E4904B9D557E4DD435B1D
异常。
正在检查：C025571B2A687A53689168CD7369889B
正常。
正在检查：C0449FFBB5CB62348A1619C63C87A8A4
异常。
正在检查：c1c4f01781cc94c4c8fb1542c0981a2a
正常。
正在检查：C21F651A76AF4F04FB82386E567D6E56
异常。
正在检查：C23D86A6D0C474847BC0856E4B7DA621
异常。
正在检查：C2B73B563E6BECC47A51F61D70DCDF66
异常。
正在检查：C2F5B4E12350ADC4FADC76E4C97325E1
异常。
正在检查：C3AEB2FCAE628F23AAB933F1E743AB79
正常。
正在检查：C424D3F425552F5419845481D9407F1F
异常。
正在检查：C4653AAEBE6644042AF973195ECD3EF4
异常。
正在检查：C585034C420241542A350D7CD033DA5D
异常。
正在检查：C5EE83783F90BCA41AE001E5D4A90219
正常。
正在检查：C669D67262C31A945AA3285066FE8F1D
异常。
正在检查：C687D77127BD3B37A321D8696396E9A0
异常。
正在检查：C6D34A5D44ABEA6459FB50DE31DC348D
正常。
正在检查：C7514F4F159000F458033E6A2BEB6860
异常。
正在检查：C761FC4C9374A3A4D857959C5C1F53AC
异常。
正在检查：C789B629FD8C8CF4580C2622979DC054
异常。
正在检查：C7CF1BA84FA70264AA46D563082B6D54
异常。
正在检查：C91D5FD64E630454298C39B81B34A886
异常。
正在检查：C965DBD9BC82F0A45839E8917B2CCAA6
异常。
正在检查：CB3A84D883ABF204693E3E15985E84D5
异常。
正在检查：CCAB021A62EB0000D90E7255DCCE4047
异常。
正在检查：CCAB021A62EB0140D90E7255DCCE4047
异常。
正在检查：CCAB021A62EB1140D90E7255DCCE4047
异常。
正在检查：CCAB021A62EB2140D90E7255DCCE4047
异常。
正在检查：CCAB021A62EB4040D90E7255DCCE4047
异常。
正在检查：CCAB021A62EB4080D90E7255DCCE4047
异常。
正在检查：CCAB021A62EB6140D90E7255DCCE4047
异常。
正在检查：CCAB021A62EB7040D90E7255DCCE4047
异常。
正在检查：CCAB021A62EB9040D90E7255DCCE4047
异常。
正在检查：CCAB021A62EB9140D90E7255DCCE4047
异常。
正在检查：CCAB021A62EBA040D90E7255DCCE4047
异常。
正在检查：CCAB021A62EBC040D90E7255DCCE4047
异常。
正在检查：CE9198D4B8F6DEF46B48A9BB52A7AE4B
异常。
正在检查：D169104D02A37CA349B316935DDB94A0
正常。
正在检查：D1CFB7B101D9F7344B64CD788A632A2D
异常。
正在检查：D20352A90C039D93DBF6126ECE614057
正常。
正在检查：D293872FE74576E4DAC152672C58B205
正常。
正在检查：D2985A779F06CF04BB5542F64BB8C0D9
异常。
正在检查：D3760687233A3F71B8221689E819AEDB
异常。
正在检查：D497039C47E759346B3AECCE20C0D7E7
正常。
正在检查：D4DB3CB2ABAF4934397CA98CA262F32E
正常。
正在检查：D5AD11186CB17554EA8645CC9A344510
异常。
正在检查：D5C01ACACDB90BC49A7635C9B5620DF9
正常。
正在检查：D771A980EA8959141A513D4C65318B57
正常。
正在检查：D8B4D71D33FA61F4E9F057A6F5C2CE7E
异常。
正在检查：D8F55282A05E362A844D5ACE56E31326
异常。
正在检查：D9BF87A1A600A5C44918F0596B467DC0
正常。
正在检查：DA8E073D1C3D7C4469AED39D19F8F2B6
正常。
正在检查：DBA3CDDA69E73874A725567354E78B94
异常。
正在检查：DC87C963C83B7B041B618AFE14C3DE6C
正常。
正在检查：DC8A59DBF9D1DA5389A1E3975220E6BB
正常。
正在检查：DD255BF0E3457E846A4FF2D82827C3A6
异常。
正在检查：DD63CA9B81F443A4BAF18CC0EF78A9EF
异常。
正在检查：DDDAAADDE75C13742AC9311319854788
正常。
正在检查：DE01B5DB04C8D7F4D8EC168294EE7B31
异常。
正在检查：DF945C3D5AD7B0441ACBDD298C8949A9
正常。
正在检查：E0DECD7172B5A3542B4B4E788B962BA8
异常。
正在检查：E21392124025A3F409936B3DD4BB00BF
异常。
正在检查：E2B2846004EB032489F2BA43E3251D4E
异常。
正在检查：E4A1EAB4A7E9BED439FD2FBE57933C2E
异常。
正在检查：E4D77BA5F5E972647BB821A9E52C58A8
异常。
正在检查：E5B2411305F1E4242AC734699E4DAC8F
正常。
正在检查：E7CA0CE7ABFA7B94090B131CF113B853
异常。
正在检查：E8D3B06A11351FB4FAA71DCA519F51E2
异常。
正在检查：E99713C502C7B3E4E9B569E3B4DD168B
正常。
正在检查：E9DA81DEF1CC369081BAF3712B2DAE2D
异常。
正在检查：EA089A6110697D141B073CB77B22734B
异常。
正在检查：EA2BA6174C225D7459E304BA5AF38C16
正常。
正在检查：EA75F314F8E23B045AE168950AE39A46
异常。
正在检查：EC183E671DA520A4C94F4B701BEBB90E
异常。
正在检查：EC30F2524B15B3241854FF617590ED1D
异常。
正在检查：ECB89CA193C6F0C43B23EB2E7C22BBCB
异常。
正在检查：ED4A8C8B00921000391F9D8B0B700C48
异常。
正在检查：EDE286ED18FF9844DBC913F04B345822
异常。
正在检查：EE5110AC0E731F645BE2E81133347AD6
正常。
正在检查：F07C0743E567E574D97D4D09A63B2572
异常。
正在检查：F08F9BBC40537524BA93F75042643985
异常。
正在检查：F3E25469A3D639B43BB643011FC03AD4
异常。
正在检查：F450B8CE06D9CFA4990252BAFF89B792
正常。
正在检查：F4856526B40B4D14A895447E90044C37
正常。
正在检查：F4A10F32ADB6AFF4981A054DEE0D3BEA
正常。
正在检查：F4AC101D6D57EEA48A9C600D1C4FC262
异常。
正在检查：F4C687D53A5DA704F938719EE40330E2
异常。
正在检查：F5D953DC91A24244182912BA93869539
异常。
正在检查：F60730A4A66673047777F5728467D401
正常。
正在检查：F63346C79E4EC8448A7AE67744CB1B74
异常。
正在检查：F68C67BBBE4C40E4F9E60F9FEFAD280A
异常。
正在检查：F6D7B959915EA6D4BA16949BC96FD4F8
异常。
正在检查：F6E1875DCA21DE648B0A4E4B60A62BF7
正常。
正在检查：F74D0A9C86A9719468C8973E484EED6E
正常。
正在检查：F751FAE69B8244D4A9EE9314B501C6FA
异常。
正在检查：F899D9BF0017821428AD49D7C6129D80
异常。
正在检查：F9320BFC1D3E65F48A0F56238CE41A17
正常。
正在检查：F9791DD0BBCEB5D478E8A8271B8BD5F9
异常。
正在检查：F97FFAE244974854097852FF66A220C4
异常。
正在检查：FB8D2AA62D8FCC94FA8A27BA931827CB
异常。
正在检查：FBA3AEC742EFFA24DA6E4B3AEE437634
异常。
正在检查：FBFBA3B15D1D37B41AEFF7ADF96B85B2
正常。
正在检查：FEE98B82001700001020FCF3A3907BD7
异常。
正在检查：FEE98B82001700001320FCF3A3907BD7
异常。
正在检查：FEE98B82001790401120FCF3A3907BD7
异常。
正在检查：FEE98B82001790401220FCF3A3907BD7
异常。
正在检查：FEE98B82101500001020FCF3A3907BD7
正常。
正在检查：FEE98B82101500001320FCF3A3907BD7
正常。
正在检查：FEE98B82101540801120FCF3A3907BD7
正常。
正在检查：FEE98B82101540801220FCF3A3907BD7
正常。
正在检查：FEE98B82101700001320FCF3A3907BD7
异常。
正在检查：FEE98B82101740801220FCF3A3907BD7
异常。
正在检查：FEE98B82401700001320FCF3A3907BD7
异常。
正在检查：FEE98B82401790401220FCF3A3907BD7
异常。
正在检查：FEE98B82431540801000FCF3A3907BD7
正常。
正在检查：FEE98B82501700001320FCF3A3907BD7
异常。
正在检查：FEE98B82501700001420FCF3A3907BD7
异常。
正在检查：FEE98B82501740801220FCF3A3907BD7
异常。
正在检查：FEE98B82501740801520FCF3A3907BD7
异常。
正在检查：FEE98B82701700001220FCF3A3907BD7
异常。
正在检查：FEE98B82701700001320FCF3A3907BD7
异常。
正在检查：FEE98B82701700001520FCF3A3907BD7
异常。
正在检查：FEE98B82701700001830FCF3A3907BD7
异常。
正在检查：FEE98B82701740801220FCF3A3907BD7
异常。
正在检查：FEE98B82701740801420FCF3A3907BD7
异常。
正在检查：FEE98B82701740801620FCF3A3907BD7
异常。
正在检查：FF430282AC9162A41A92BDA3C3FF0AC2
异常。
注册表项：HKEY_CLASSES_ROOT\Installer\Products\002DC1B72028CF049A8940DBDD8EEE08删除成功！
注册表项：HKEY_CLASSES_ROOT\Installer\Products\0253C97C28EF72243AFE1E2E86A1B7F0删除成功！
注册表项：HKEY_CLASSES_ROOT\Installer\Products\03EDFA1163E6B21428027A381126B519删除成功！
注册表项：HKEY_CLASSES_ROOT\Installer\Products\040DF5E0EBDFA7344A707FF470E5AA51删除成功！
注册表项：HKEY_CLASSES_ROOT\Installer\Products\05FC13EDCD1822B4DBF1D5D3C3BD7AAE删除成功！
注册表项：HKEY_CLASSES_ROOT\Installer\Products\063B56F6CD8F39A4486919F30B030497删除成功！
注册表项：HKEY_CLASSES_ROOT\Installer\Products\076EFB2135ADC0E43973262EA5D3E0A4删除成功！
注册表项：HKEY_CLASSES_ROOT\Installer\Products\07E56304001785A43024C3B0BA4CDE8B删除成功！
注册表项：HKEY_CLASSES_ROOT\Installer\Products\0A0BEA49C563B9445B372DCE3B35BE60删除成功！
注册表项：HKEY_CLASSES_ROOT\Installer\Products\0A4B643700420150000007C5D0680240删除成功！
注册表项：HKEY_CLASSES_ROOT\Installer\Products\0A7A211054F9E4F44BE775E0E6877250删除成功！
注册表项：HKEY_CLASSES_ROOT\Installer\Products\0DBE260CF12E7FD4DA5422D603774EDB删除成功！
注册表项：HKEY_CLASSES_ROOT\Installer\Products\0DE1D7CC420201400000C19C52691920删除成功！
注册表项：HKEY_CLASSES_ROOT\Installer\Products\0E617BB000020101000090D72C3F45FD删除成功！
注册表项：HKEY_CLASSES_ROOT\Installer\Products\0E617BB000610101000090D72C3F45FD删除成功！
注册表项：HKEY_CLASSES_ROOT\Installer\Products\0E617BB000710101000090D72C3F45FD删除成功！
注册表项：HKEY_CLASSES_ROOT\Installer\Products\0E617BB000910101000090D72C3F45FD删除成功！
注册表项：HKEY_CLASSES_ROOT\Installer\Products\0EED2FFC4704FD9469C539C223E85091删除成功！
注册表项：HKEY_CLASSES_ROOT\Installer\Products\0F03585CC73F2FC4E93A76EC20E7A404删除成功！
注册表项：HKEY_CLASSES_ROOT\Installer\Products\10A26EAC0F3C3A2889B6DCEC2D281764删除成功！
注册表项：HKEY_CLASSES_ROOT\Installer\Products\111B16EC578F7F746AECB6CBE692473B删除成功！
注册表项：HKEY_CLASSES_ROOT\Installer\Products\11F445CE09C8AD54D8EF8B99E1E4A931删除成功！
注册表项：HKEY_CLASSES_ROOT\Installer\Products\12FAFA27BF335A5449869ACE7024F728删除成功！
注册表项：HKEY_CLASSES_ROOT\Installer\Products\13181621A9AAEAD43978EC447159B5F9删除成功！
注册表项：HKEY_CLASSES_ROOT\Installer\Products\1377F3828FE496742B7987CEFE90BE92删除成功！
注册表项：HKEY_CLASSES_ROOT\Installer\Products\13F6CCDC42020094E8B95D267B60796B删除成功！
注册表项：HKEY_CLASSES_ROOT\Installer\Products\13F6CCDC42022094E8B95D267B60796B删除成功！
注册表项：HKEY_CLASSES_ROOT\Installer\Products\15546C8F628A58146999AF3C67167ABE删除成功！
注册表项：HKEY_CLASSES_ROOT\Installer\Products\1710F7988CDCBFA42AB7165B2B69462E删除成功！
注册表项：HKEY_CLASSES_ROOT\Installer\Products\173FFB67C86762E408FD8ADCE74A1598删除成功！
注册表项：HKEY_CLASSES_ROOT\Installer\Products\17AC8C5689F5A3D429731C3E9FC04420删除成功！
注册表项：HKEY_CLASSES_ROOT\Installer\Products\17B330317EC551D42943471CB95C64A6删除成功！
注册表项：HKEY_CLASSES_ROOT\Installer\Products\18CEDD01090186D4E833F93F9C3CA7CA删除成功！
注册表项：HKEY_CLASSES_ROOT\Installer\Products\195DD4F746821000000017707DF0D34B删除成功！
注册表项：HKEY_CLASSES_ROOT\Installer\Products\195DD4F746821000022517707DF0D34B删除成功！
注册表项：HKEY_CLASSES_ROOT\Installer\Products\1A3A92B9A5520C44CBAC3E44A7143FA2删除成功！
注册表项：HKEY_CLASSES_ROOT\Installer\Products\1DCED64B46821FE40000227DE11878C7删除成功！
注册表项：HKEY_CLASSES_ROOT\Installer\Products\1E1D05FD03E53A64DA08F0E151FE265B删除成功！
注册表项：HKEY_CLASSES_ROOT\Installer\Products\1FC34D597444A504DBD88B05369385AF删除成功！
注册表项：HKEY_CLASSES_ROOT\Installer\Products\202E8F9CC3539EC43B4DE43EE852D8AD删除成功！
注册表项：HKEY_CLASSES_ROOT\Installer\Products\21D8B161B14CFCA4B95B1EEF6E878896删除成功！
注册表项：HKEY_CLASSES_ROOT\Installer\Products\221F7E5ECC50E9B41B26E099EAC8BAE6删除成功！
注册表项：HKEY_CLASSES_ROOT\Installer\Products\23D8C92D0E8C8A24AA12174A1CB7A6DC删除成功！
注册表项：HKEY_CLASSES_ROOT\Installer\Products\23FB66AC37373D14386EEABE007F777E删除成功！
注册表项：HKEY_CLASSES_ROOT\Installer\Products\24D669A36842F7643B743D07259D7384删除成功！
注册表项：HKEY_CLASSES_ROOT\Installer\Products\257F3D6A11FBC7D41BC96F9FA653FC05删除成功！
注册表项：HKEY_CLASSES_ROOT\Installer\Products\25F9A4F7F371D0B41BAE62C923DE8A72删除成功！
注册表项：HKEY_CLASSES_ROOT\Installer\Products\26351FFB6EAC375F9AC31EBBDBEE9336删除成功！
注册表项：HKEY_CLASSES_ROOT\Installer\Products\26921968CC74F2D439176C1ED0C886C4删除成功！
注册表项：HKEY_CLASSES_ROOT\Installer\Products\27B3E6AD880342029939549DFFA18D0D删除成功！
注册表项：HKEY_CLASSES_ROOT\Installer\Products\27EBDA6240E140D4BBAAAE35C95D9DD1删除成功！
注册表项：HKEY_CLASSES_ROOT\Installer\Products\286C545DA1A9CF143AFE46D76AB20839删除成功！
注册表项：HKEY_CLASSES_ROOT\Installer\Products\28B45CAE73A7E9A49835743461DB046F删除成功！
注册表项：HKEY_CLASSES_ROOT\Installer\Products\2A37E8EFF0B996341826CC543DC960B9删除成功！
注册表项：HKEY_CLASSES_ROOT\Installer\Products\2ADE722161FB2BE48BDE73628982C5B9删除成功！
注册表项：HKEY_CLASSES_ROOT\Installer\Products\2AFFDB8DBAA1AB7418CD0B9BDF959984删除成功！
注册表项：HKEY_CLASSES_ROOT\Installer\Products\2C632AFBBAA14DD429C67DB09025DD13删除成功！
注册表项：HKEY_CLASSES_ROOT\Installer\Products\2F7AD077B7186AA4190680BB56A8DB6C删除成功！
注册表项：HKEY_CLASSES_ROOT\Installer\Products\2FD1669E0B1EF324FBAFA1E60F1B03B7删除成功！
注册表项：HKEY_CLASSES_ROOT\Installer\Products\30AF059688B857646B58BF12AC7126CC删除成功！
注册表项：HKEY_CLASSES_ROOT\Installer\Products\3173A7E8D155A333291701FED4778AF0删除成功！
注册表项：HKEY_CLASSES_ROOT\Installer\Products\31B2AA3CDF7497A4B82173D114ECAB85删除成功！
注册表项：HKEY_CLASSES_ROOT\Installer\Products\3343E2364C2CB774A81C3BFD7CE3CCC6删除成功！
注册表项：HKEY_CLASSES_ROOT\Installer\Products\378037DF1D33F1D4A90E2E9585F68872删除成功！
注册表项：HKEY_CLASSES_ROOT\Installer\Products\3834E146536F4D24FA9C39FA2BE891F9删除成功！
注册表项：HKEY_CLASSES_ROOT\Installer\Products\3946CA2DD4BBF8B4487BCE047E2CA07F删除成功！
注册表项：HKEY_CLASSES_ROOT\Installer\Products\3960DD58EFEC85C44ADB56CF0BCB22B5删除成功！
注册表项：HKEY_CLASSES_ROOT\Installer\Products\3ADAFC89D72529A41906EE64F3EC595A删除成功！
注册表项：HKEY_CLASSES_ROOT\Installer\Products\3D348B8613C5C0F46BC166C279DFDAC1删除成功！
注册表项：HKEY_CLASSES_ROOT\Installer\Products\3FE5190A76783E8DB78EC4312D4E0A05删除成功！
注册表项：HKEY_CLASSES_ROOT\Installer\Products\405B6FA60BC1C4052FF060119710E4D6删除成功！
注册表项：HKEY_CLASSES_ROOT\Installer\Products\41BE1699F44B95640A99C9982CFCDA63删除成功！
注册表项：HKEY_CLASSES_ROOT\Installer\Products\425FAF1894F51654AB225AA211FD4F1D删除成功！
注册表项：HKEY_CLASSES_ROOT\Installer\Products\42BAAE3E3C0597E40BA11395AB105476删除成功！
注册表项：HKEY_CLASSES_ROOT\Installer\Products\43DC0A7EB9F16943DA3BF281D003F2A6删除成功！
注册表项：HKEY_CLASSES_ROOT\Installer\Products\45719779E4FF96D4CB9FB630E3147517删除成功！
注册表项：HKEY_CLASSES_ROOT\Installer\Products\4588AEA179573DC449F8D83E469DE470删除成功！
注册表项：HKEY_CLASSES_ROOT\Installer\Products\45ED813D0ABF6DE48AB5A370F97126B6删除成功！
注册表项：HKEY_CLASSES_ROOT\Installer\Products\46FA0778B4BB4044DB6DA68F4E4C16CF删除成功！
注册表项：HKEY_CLASSES_ROOT\Installer\Products\4724B310E652C354498D3552B339C913删除成功！
注册表项：HKEY_CLASSES_ROOT\Installer\Products\4CDC528599E49FC419EFBD060C2E5FAE删除成功！
注册表项：HKEY_CLASSES_ROOT\Installer\Products\4DEDA0AED1383B546B217CDFA0E1B2BA删除成功！
注册表项：HKEY_CLASSES_ROOT\Installer\Products\4E00FA28104201000000CF0E8F074200删除成功！
注册表项：HKEY_CLASSES_ROOT\Installer\Products\4EB483AA104201000000797E7D0D4200删除成功！
注册表项：HKEY_CLASSES_ROOT\Installer\Products\4EB483AA4202014000002914DA00D25A删除成功！
注册表项：HKEY_CLASSES_ROOT\Installer\Products\4EC527AAD9428424BBC019879E21FE01删除成功！
注册表项：HKEY_CLASSES_ROOT\Installer\Products\50F0548D52E05D747B515C516BA1CCA0删除成功！
注册表项：HKEY_CLASSES_ROOT\Installer\Products\52DB97960017A97401102786B4953024删除成功！
注册表项：HKEY_CLASSES_ROOT\Installer\Products\5416CE53333EBD24CB3B83D06F41C011删除成功！
注册表项：HKEY_CLASSES_ROOT\Installer\Products\561FE9E317587DB4CB5F49E5A38B8D78删除成功！
注册表项：HKEY_CLASSES_ROOT\Installer\Products\567C1266C96564D48A9E6CA974793175删除成功！
注册表项：HKEY_CLASSES_ROOT\Installer\Products\568F77E34CC89A9428FB0AB19B711A5A删除成功！
注册表项：HKEY_CLASSES_ROOT\Installer\Products\56FE97613F5584249BE1B6B31E6AC9FD删除成功！
注册表项：HKEY_CLASSES_ROOT\Installer\Products\593A1E8712DFA994192A1653AB16216B删除成功！
注册表项：HKEY_CLASSES_ROOT\Installer\Products\5A6B65A76A2EB434BBD7BDD0A1333700删除成功！
注册表项：HKEY_CLASSES_ROOT\Installer\Products\5B55E0BC59F53E74C8D74C46610C14D4删除成功！
注册表项：HKEY_CLASSES_ROOT\Installer\Products\5B726C6AD416A2149AAC496B13B92A61删除成功！
注册表项：HKEY_CLASSES_ROOT\Installer\Products\5C1C02AE85B912546AFC8BFE50420009删除成功！
注册表项：HKEY_CLASSES_ROOT\Installer\Products\5D753BDF87CCA084D8621CD5A1786724删除成功！
注册表项：HKEY_CLASSES_ROOT\Installer\Products\5D8768C429651BC41AAAFF167B56B762删除成功！
注册表项：HKEY_CLASSES_ROOT\Installer\Products\5E840DA80759E2445A2A1BC2628179E7删除成功！
注册表项：HKEY_CLASSES_ROOT\Installer\Products\5EFC6FBE79957194BBAD0E2D3DCC7E90删除成功！
注册表项：HKEY_CLASSES_ROOT\Installer\Products\5F00AA0D42020094BBC71229D92C2B14删除成功！
注册表项：HKEY_CLASSES_ROOT\Installer\Products\623AC3C3D1F37B340BDABC0CB6D2DEA5删除成功！
注册表项：HKEY_CLASSES_ROOT\Installer\Products\67962C8715055CE428E6579CE3018D04删除成功！
注册表项：HKEY_CLASSES_ROOT\Installer\Products\682A28BFC66BBF644B567AA93A84C6D1删除成功！
注册表项：HKEY_CLASSES_ROOT\Installer\Products\6A152D1255B560D41AC6079A1F3ED1DA删除成功！
注册表项：HKEY_CLASSES_ROOT\Installer\Products\6C681432D88A39548AE87AC0AFB7EA76删除成功！
注册表项：HKEY_CLASSES_ROOT\Installer\Products\6CC96CB29BFE00041B133F3C7375E804删除成功！
注册表项：HKEY_CLASSES_ROOT\Installer\Products\6D2C0ACDFB38EA141BBA4C810120ED04删除成功！
注册表项：HKEY_CLASSES_ROOT\Installer\Products\70D63E850005000010208C454F8489DE删除成功！
注册表项：HKEY_CLASSES_ROOT\Installer\Products\70D63E851003000010208C454F8489DE删除成功！
注册表项：HKEY_CLASSES_ROOT\Installer\Products\70D63E851008000010208C454F8489DE删除成功！
注册表项：HKEY_CLASSES_ROOT\Installer\Products\70D63E851008000011208C454F8489DE删除成功！
注册表项：HKEY_CLASSES_ROOT\Installer\Products\70D63E851008000012208C454F8489DE删除成功！
注册表项：HKEY_CLASSES_ROOT\Installer\Products\70D63E851009000010208C454F8489DE删除成功！
注册表项：HKEY_CLASSES_ROOT\Installer\Products\70D63E851009000011208C454F8489DE删除成功！
注册表项：HKEY_CLASSES_ROOT\Installer\Products\70D63E851009000012208C454F8489DE删除成功！
注册表项：HKEY_CLASSES_ROOT\Installer\Products\70D63E85100A000010208C454F8489DE删除成功！
注册表项：HKEY_CLASSES_ROOT\Installer\Products\70D63E85100A000011208C454F8489DE删除成功！
注册表项：HKEY_CLASSES_ROOT\Installer\Products\70D63E85100A000012208C454F8489DE删除成功！
注册表项：HKEY_CLASSES_ROOT\Installer\Products\70D63E85100B000010208C454F8489DE删除成功！
注册表项：HKEY_CLASSES_ROOT\Installer\Products\70D63E85100B000011208C454F8489DE删除成功！
注册表项：HKEY_CLASSES_ROOT\Installer\Products\70D63E85100B000012208C454F8489DE删除成功！
注册表项：HKEY_CLASSES_ROOT\Installer\Products\70D63E85100C000010208C454F8489DE删除成功！
注册表项：HKEY_CLASSES_ROOT\Installer\Products\70D63E85100C000011208C454F8489DE删除成功！
注册表项：HKEY_CLASSES_ROOT\Installer\Products\70D63E85100C000012208C454F8489DE删除成功！
注册表项：HKEY_CLASSES_ROOT\Installer\Products\70D63E85100D000010208C454F8489DE删除成功！
注册表项：HKEY_CLASSES_ROOT\Installer\Products\70D63E85100D000011208C454F8489DE删除成功！
注册表项：HKEY_CLASSES_ROOT\Installer\Products\70D63E85100D000012208C454F8489DE删除成功！
注册表项：HKEY_CLASSES_ROOT\Installer\Products\70D63E85100E000010208C454F8489DE删除成功！
注册表项：HKEY_CLASSES_ROOT\Installer\Products\70D63E85100E000011208C454F8489DE删除成功！
注册表项：HKEY_CLASSES_ROOT\Installer\Products\70D63E85100E000012208C454F8489DE删除成功！
注册表项：HKEY_CLASSES_ROOT\Installer\Products\70D63E851017000010208C454F8489DE删除成功！
注册表项：HKEY_CLASSES_ROOT\Installer\Products\70D63E851036000010208C454F8489DE删除成功！
注册表项：HKEY_CLASSES_ROOT\Installer\Products\7397B5ED5B5D7514CB03BB780F12FC0F删除成功！
注册表项：HKEY_CLASSES_ROOT\Installer\Products\73C5822B0CF5A5447A0DF7334118DD65删除成功！
注册表项：HKEY_CLASSES_ROOT\Installer\Products\748610A0FCC215D4490BEA16AC726A57删除成功！
注册表项：HKEY_CLASSES_ROOT\Installer\Products\74DFDCF403CA1F248BF3478DEFD4C119删除成功！
注册表项：HKEY_CLASSES_ROOT\Installer\Products\7705D418F39C2E248B571707701C689B删除成功！
注册表项：HKEY_CLASSES_ROOT\Installer\Products\786E704C5F52D6E418BB218F0CEBB24A删除成功！
注册表项：HKEY_CLASSES_ROOT\Installer\Products\7B06152349179E84F8FE352E15D77884删除成功！
注册表项：HKEY_CLASSES_ROOT\Installer\Products\7FBBDB4ED7F49F4428C53916102838A5删除成功！
注册表项：HKEY_CLASSES_ROOT\Installer\Products\831E9E77C4D0E594EB7767E17179AB61删除成功！
注册表项：HKEY_CLASSES_ROOT\Installer\Products\837E3605104201000000B7B7A90B4200删除成功！
注册表项：HKEY_CLASSES_ROOT\Installer\Products\8386DE825E8DC4548A31215CBE44C7BA删除成功！
注册表项：HKEY_CLASSES_ROOT\Installer\Products\838C2CFBDE8878C429294C3F19FD86BC删除成功！
注册表项：HKEY_CLASSES_ROOT\Installer\Products\85128E6D9B5081A46A42AE31B57C7766删除成功！
注册表项：HKEY_CLASSES_ROOT\Installer\Products\859EFEC0A17E1714D9FE779E32A46531删除成功！
注册表项：HKEY_CLASSES_ROOT\Installer\Products\86BD42D51A3457C4EACF09D2E20C2ED5删除成功！
注册表项：HKEY_CLASSES_ROOT\Installer\Products\8702E5810017924410139C083F4CCBBF删除成功！
注册表项：HKEY_CLASSES_ROOT\Installer\Products\876202D57965EB544BFD2380BEEF4851删除成功！
注册表项：HKEY_CLASSES_ROOT\Installer\Products\8778D5BA3F182E74784A537E67DC66B4删除成功！
注册表项：HKEY_CLASSES_ROOT\Installer\Products\8780CF0B117C2374C9726D2D300390FF删除成功！
注册表项：HKEY_CLASSES_ROOT\Installer\Products\87B3F0DF88A965A4FA4E825B8D4F3AA0删除成功！
注册表项：HKEY_CLASSES_ROOT\Installer\Products\8880BF62595A15049B9DB3EEC241AF93删除成功！
注册表项：HKEY_CLASSES_ROOT\Installer\Products\89C56E9111F8DA94AA557953F66A01A8删除成功！
注册表项：HKEY_CLASSES_ROOT\Installer\Products\8B763DE9F934DAE47AB795566A56E55A删除成功！
注册表项：HKEY_CLASSES_ROOT\Installer\Products\8CBC41390B98EA14798A061266C6C346删除成功！
注册表项：HKEY_CLASSES_ROOT\Installer\Products\8FE15CDAD38220E499FBA8213207FF0B删除成功！
注册表项：HKEY_CLASSES_ROOT\Installer\Products\913EC29D5D72AD24FB21B3747C5CD304删除成功！
注册表项：HKEY_CLASSES_ROOT\Installer\Products\91B8DFE76E9AFC149AF69B6B3EE03C54删除成功！
注册表项：HKEY_CLASSES_ROOT\Installer\Products\92C8B214CB1F19730AAB94A0050277AF删除成功！
注册表项：HKEY_CLASSES_ROOT\Installer\Products\9337B8DB95573CF4596E6234424D2553删除成功！
注册表项：HKEY_CLASSES_ROOT\Installer\Products\93945105703452F4CB349361C5F0D52C删除成功！
注册表项：HKEY_CLASSES_ROOT\Installer\Products\960FBFB013659B84E8C99D41DCE14F9E删除成功！
注册表项：HKEY_CLASSES_ROOT\Installer\Products\968C7CD96C4AAC849A8362BDF15CCFB3删除成功！
注册表项：HKEY_CLASSES_ROOT\Installer\Products\97F07E0FBF4A2DE4DB99BB4321957C86删除成功！
注册表项：HKEY_CLASSES_ROOT\Installer\Products\985D79AFE73B94B38A2D7446207937EF删除成功！
注册表项：HKEY_CLASSES_ROOT\Installer\Products\99F7EB15D96518E46BC25089B98292A3删除成功！
注册表项：HKEY_CLASSES_ROOT\Installer\Products\9C55C33E001768D4CA29D03B2A1AAEC1删除成功！
注册表项：HKEY_CLASSES_ROOT\Installer\Products\9CF8C926367385C428462588EA43FAFE删除成功！
注册表项：HKEY_CLASSES_ROOT\Installer\Products\9F3893BE06D3D6541AA11C63C697DAE3删除成功！
注册表项：HKEY_CLASSES_ROOT\Installer\Products\9F3C6F0A7B7044343A32D914BF8AEE6C删除成功！
注册表项：HKEY_CLASSES_ROOT\Installer\Products\9FA9026E5F6F8A647ACC0E4BFD52611C删除成功！
注册表项：HKEY_CLASSES_ROOT\Installer\Products\A069753E25A9FCA02B449CF5528F15F3删除成功！
注册表项：HKEY_CLASSES_ROOT\Installer\Products\A1AC1D72A71774A46808D9535EE7ED4B删除成功！
注册表项：HKEY_CLASSES_ROOT\Installer\Products\A2448F2AC685FBF4996C614EA771B0D1删除成功！
注册表项：HKEY_CLASSES_ROOT\Installer\Products\A3C7D9A884D9CD649864C211D33CF813删除成功！
注册表项：HKEY_CLASSES_ROOT\Installer\Products\AA2428F652B1C124E854CF95879DAAA3删除成功！
注册表项：HKEY_CLASSES_ROOT\Installer\Products\ABA84BC3E14FAB04986EEE61BFC2BBC0删除成功！
注册表项：HKEY_CLASSES_ROOT\Installer\Products\ABCA7F0AF5707CB48AA5D53C10CFCE47删除成功！
注册表项：HKEY_CLASSES_ROOT\Installer\Products\AC51E8CAEEBCDA84E99618EA08DC7831删除成功！
注册表项：HKEY_CLASSES_ROOT\Installer\Products\ACBEADD8762461E4F90E8DF7123D8619删除成功！
注册表项：HKEY_CLASSES_ROOT\Installer\Products\AD3C9A691B9DD7040907459181F171DB删除成功！
注册表项：HKEY_CLASSES_ROOT\Installer\Products\AD6D4B6BA764EAD41B20D2C77EF34386删除成功！
注册表项：HKEY_CLASSES_ROOT\Installer\Products\ADB5BAD7209D7AE46BECBCF930750804删除成功！
注册表项：HKEY_CLASSES_ROOT\Installer\Products\AF8F28CC292F74B40B2FB3AF709E76DF删除成功！
注册表项：HKEY_CLASSES_ROOT\Installer\Products\B1DAFCD7BC964934E86F2ECECEFD90C8删除成功！
注册表项：HKEY_CLASSES_ROOT\Installer\Products\B2E5C238B1FB3A54AB7F3C2F2ABD3EFE删除成功！
注册表项：HKEY_CLASSES_ROOT\Installer\Products\B4016336657A6B34E9A4096A0F7B7390删除成功！
注册表项：HKEY_CLASSES_ROOT\Installer\Products\B4C8D4FB139D26D47ADEA8432BCFD0B1删除成功！
注册表项：HKEY_CLASSES_ROOT\Installer\Products\B516954D0B38F804F893C60CC772B76A删除成功！
注册表项：HKEY_CLASSES_ROOT\Installer\Products\B570005D23C352842A7974F38FC8865A删除成功！
注册表项：HKEY_CLASSES_ROOT\Installer\Products\B6457ED65B903E10B8B6D2C3CA009C62删除成功！
注册表项：HKEY_CLASSES_ROOT\Installer\Products\B80F7744104201000000A9908D434200删除成功！
注册表项：HKEY_CLASSES_ROOT\Installer\Products\B88CF35343D84F244A70C615DEC59D91删除成功！
注册表项：HKEY_CLASSES_ROOT\Installer\Products\BB2672E9A6871D94BB285725B4D31A8D删除成功！
注册表项：HKEY_CLASSES_ROOT\Installer\Products\BBAAF42F27C060F4B955BD808C4837C0删除成功！
注册表项：HKEY_CLASSES_ROOT\Installer\Products\BC350EB9FA9FD814898D62FD39459DC2删除成功！
注册表项：HKEY_CLASSES_ROOT\Installer\Products\BC55B7FF3CDC48042BA7C6B35608D04D删除成功！
注册表项：HKEY_CLASSES_ROOT\Installer\Products\BC6D3126852D3A741B0AEEE1C580D0FC删除成功！
注册表项：HKEY_CLASSES_ROOT\Installer\Products\BCA2E6AC6494A274A9C6F8C49F467D80删除成功！
注册表项：HKEY_CLASSES_ROOT\Installer\Products\BE7E3248446902543BB106526202AB74删除成功！
注册表项：HKEY_CLASSES_ROOT\Installer\Products\BF466C9A76F55D749B9A78ACE067C2D7删除成功！
注册表项：HKEY_CLASSES_ROOT\Installer\Products\BF56A603724E4904B9D557E4DD435B1D删除成功！
注册表项：HKEY_CLASSES_ROOT\Installer\Products\C0449FFBB5CB62348A1619C63C87A8A4删除成功！
注册表项：HKEY_CLASSES_ROOT\Installer\Products\C21F651A76AF4F04FB82386E567D6E56删除成功！
注册表项：HKEY_CLASSES_ROOT\Installer\Products\C23D86A6D0C474847BC0856E4B7DA621删除成功！
注册表项：HKEY_CLASSES_ROOT\Installer\Products\C2B73B563E6BECC47A51F61D70DCDF66删除成功！
注册表项：HKEY_CLASSES_ROOT\Installer\Products\C2F5B4E12350ADC4FADC76E4C97325E1删除成功！
注册表项：HKEY_CLASSES_ROOT\Installer\Products\C424D3F425552F5419845481D9407F1F删除成功！
注册表项：HKEY_CLASSES_ROOT\Installer\Products\C4653AAEBE6644042AF973195ECD3EF4删除成功！
注册表项：HKEY_CLASSES_ROOT\Installer\Products\C585034C420241542A350D7CD033DA5D删除成功！
注册表项：HKEY_CLASSES_ROOT\Installer\Products\C669D67262C31A945AA3285066FE8F1D删除成功！
注册表项：HKEY_CLASSES_ROOT\Installer\Products\C687D77127BD3B37A321D8696396E9A0删除成功！
注册表项：HKEY_CLASSES_ROOT\Installer\Products\C7514F4F159000F458033E6A2BEB6860删除成功！
注册表项：HKEY_CLASSES_ROOT\Installer\Products\C761FC4C9374A3A4D857959C5C1F53AC删除成功！
注册表项：HKEY_CLASSES_ROOT\Installer\Products\C789B629FD8C8CF4580C2622979DC054删除成功！
注册表项：HKEY_CLASSES_ROOT\Installer\Products\C7CF1BA84FA70264AA46D563082B6D54删除成功！
注册表项：HKEY_CLASSES_ROOT\Installer\Products\C91D5FD64E630454298C39B81B34A886删除成功！
注册表项：HKEY_CLASSES_ROOT\Installer\Products\C965DBD9BC82F0A45839E8917B2CCAA6删除成功！
注册表项：HKEY_CLASSES_ROOT\Installer\Products\CB3A84D883ABF204693E3E15985E84D5删除成功！
注册表项：HKEY_CLASSES_ROOT\Installer\Products\CCAB021A62EB0000D90E7255DCCE4047删除成功！
注册表项：HKEY_CLASSES_ROOT\Installer\Products\CCAB021A62EB0140D90E7255DCCE4047删除成功！
注册表项：HKEY_CLASSES_ROOT\Installer\Products\CCAB021A62EB1140D90E7255DCCE4047删除成功！
注册表项：HKEY_CLASSES_ROOT\Installer\Products\CCAB021A62EB2140D90E7255DCCE4047删除成功！
注册表项：HKEY_CLASSES_ROOT\Installer\Products\CCAB021A62EB4040D90E7255DCCE4047删除成功！
注册表项：HKEY_CLASSES_ROOT\Installer\Products\CCAB021A62EB4080D90E7255DCCE4047删除成功！
注册表项：HKEY_CLASSES_ROOT\Installer\Products\CCAB021A62EB6140D90E7255DCCE4047删除成功！
注册表项：HKEY_CLASSES_ROOT\Installer\Products\CCAB021A62EB7040D90E7255DCCE4047删除成功！
注册表项：HKEY_CLASSES_ROOT\Installer\Products\CCAB021A62EB9040D90E7255DCCE4047删除成功！
注册表项：HKEY_CLASSES_ROOT\Installer\Products\CCAB021A62EB9140D90E7255DCCE4047删除成功！
注册表项：HKEY_CLASSES_ROOT\Installer\Products\CCAB021A62EBA040D90E7255DCCE4047删除成功！
注册表项：HKEY_CLASSES_ROOT\Installer\Products\CCAB021A62EBC040D90E7255DCCE4047删除成功！
注册表项：HKEY_CLASSES_ROOT\Installer\Products\CE9198D4B8F6DEF46B48A9BB52A7AE4B删除成功！
注册表项：HKEY_CLASSES_ROOT\Installer\Products\D1CFB7B101D9F7344B64CD788A632A2D删除成功！
注册表项：HKEY_CLASSES_ROOT\Installer\Products\D2985A779F06CF04BB5542F64BB8C0D9删除成功！
注册表项：HKEY_CLASSES_ROOT\Installer\Products\D3760687233A3F71B8221689E819AEDB删除成功！
注册表项：HKEY_CLASSES_ROOT\Installer\Products\D5AD11186CB17554EA8645CC9A344510删除成功！
注册表项：HKEY_CLASSES_ROOT\Installer\Products\D8B4D71D33FA61F4E9F057A6F5C2CE7E删除成功！
注册表项：HKEY_CLASSES_ROOT\Installer\Products\D8F55282A05E362A844D5ACE56E31326删除成功！
注册表项：HKEY_CLASSES_ROOT\Installer\Products\DBA3CDDA69E73874A725567354E78B94删除成功！
注册表项：HKEY_CLASSES_ROOT\Installer\Products\DD255BF0E3457E846A4FF2D82827C3A6删除成功！
注册表项：HKEY_CLASSES_ROOT\Installer\Products\DD63CA9B81F443A4BAF18CC0EF78A9EF删除成功！
注册表项：HKEY_CLASSES_ROOT\Installer\Products\DE01B5DB04C8D7F4D8EC168294EE7B31删除成功！
注册表项：HKEY_CLASSES_ROOT\Installer\Products\E0DECD7172B5A3542B4B4E788B962BA8删除成功！
注册表项：HKEY_CLASSES_ROOT\Installer\Products\E21392124025A3F409936B3DD4BB00BF删除成功！
注册表项：HKEY_CLASSES_ROOT\Installer\Products\E2B2846004EB032489F2BA43E3251D4E删除成功！
注册表项：HKEY_CLASSES_ROOT\Installer\Products\E4A1EAB4A7E9BED439FD2FBE57933C2E删除成功！
注册表项：HKEY_CLASSES_ROOT\Installer\Products\E4D77BA5F5E972647BB821A9E52C58A8删除成功！
注册表项：HKEY_CLASSES_ROOT\Installer\Products\E7CA0CE7ABFA7B94090B131CF113B853删除成功！
注册表项：HKEY_CLASSES_ROOT\Installer\Products\E8D3B06A11351FB4FAA71DCA519F51E2删除成功！
注册表项：HKEY_CLASSES_ROOT\Installer\Products\E9DA81DEF1CC369081BAF3712B2DAE2D删除成功！
注册表项：HKEY_CLASSES_ROOT\Installer\Products\EA089A6110697D141B073CB77B22734B删除成功！
注册表项：HKEY_CLASSES_ROOT\Installer\Products\EA75F314F8E23B045AE168950AE39A46删除成功！
注册表项：HKEY_CLASSES_ROOT\Installer\Products\EC183E671DA520A4C94F4B701BEBB90E删除成功！
注册表项：HKEY_CLASSES_ROOT\Installer\Products\EC30F2524B15B3241854FF617590ED1D删除成功！
注册表项：HKEY_CLASSES_ROOT\Installer\Products\ECB89CA193C6F0C43B23EB2E7C22BBCB删除成功！
注册表项：HKEY_CLASSES_ROOT\Installer\Products\ED4A8C8B00921000391F9D8B0B700C48删除成功！
注册表项：HKEY_CLASSES_ROOT\Installer\Products\EDE286ED18FF9844DBC913F04B345822删除成功！
注册表项：HKEY_CLASSES_ROOT\Installer\Products\F07C0743E567E574D97D4D09A63B2572删除成功！
注册表项：HKEY_CLASSES_ROOT\Installer\Products\F08F9BBC40537524BA93F75042643985删除成功！
注册表项：HKEY_CLASSES_ROOT\Installer\Products\F3E25469A3D639B43BB643011FC03AD4删除成功！
注册表项：HKEY_CLASSES_ROOT\Installer\Products\F4AC101D6D57EEA48A9C600D1C4FC262删除成功！
注册表项：HKEY_CLASSES_ROOT\Installer\Products\F4C687D53A5DA704F938719EE40330E2删除成功！
注册表项：HKEY_CLASSES_ROOT\Installer\Products\F5D953DC91A24244182912BA93869539删除成功！
注册表项：HKEY_CLASSES_ROOT\Installer\Products\F63346C79E4EC8448A7AE67744CB1B74删除成功！
注册表项：HKEY_CLASSES_ROOT\Installer\Products\F68C67BBBE4C40E4F9E60F9FEFAD280A删除成功！
注册表项：HKEY_CLASSES_ROOT\Installer\Products\F6D7B959915EA6D4BA16949BC96FD4F8删除成功！
注册表项：HKEY_CLASSES_ROOT\Installer\Products\F751FAE69B8244D4A9EE9314B501C6FA删除成功！
注册表项：HKEY_CLASSES_ROOT\Installer\Products\F899D9BF0017821428AD49D7C6129D80删除成功！
注册表项：HKEY_CLASSES_ROOT\Installer\Products\F9791DD0BBCEB5D478E8A8271B8BD5F9删除成功！
注册表项：HKEY_CLASSES_ROOT\Installer\Products\F97FFAE244974854097852FF66A220C4删除成功！
注册表项：HKEY_CLASSES_ROOT\Installer\Products\FB8D2AA62D8FCC94FA8A27BA931827CB删除成功！
注册表项：HKEY_CLASSES_ROOT\Installer\Products\FBA3AEC742EFFA24DA6E4B3AEE437634删除成功！
注册表项：HKEY_CLASSES_ROOT\Installer\Products\FEE98B82001700001020FCF3A3907BD7删除成功！
注册表项：HKEY_CLASSES_ROOT\Installer\Products\FEE98B82001700001320FCF3A3907BD7删除成功！
注册表项：HKEY_CLASSES_ROOT\Installer\Products\FEE98B82001790401120FCF3A3907BD7删除成功！
注册表项：HKEY_CLASSES_ROOT\Installer\Products\FEE98B82001790401220FCF3A3907BD7删除成功！
注册表项：HKEY_CLASSES_ROOT\Installer\Products\FEE98B82101700001320FCF3A3907BD7删除成功！
注册表项：HKEY_CLASSES_ROOT\Installer\Products\FEE98B82101740801220FCF3A3907BD7删除成功！
注册表项：HKEY_CLASSES_ROOT\Installer\Products\FEE98B82401700001320FCF3A3907BD7删除成功！
注册表项：HKEY_CLASSES_ROOT\Installer\Products\FEE98B82401790401220FCF3A3907BD7删除成功！
注册表项：HKEY_CLASSES_ROOT\Installer\Products\FEE98B82501700001320FCF3A3907BD7删除成功！
注册表项：HKEY_CLASSES_ROOT\Installer\Products\FEE98B82501700001420FCF3A3907BD7删除成功！
注册表项：HKEY_CLASSES_ROOT\Installer\Products\FEE98B82501740801220FCF3A3907BD7删除成功！
注册表项：HKEY_CLASSES_ROOT\Installer\Products\FEE98B82501740801520FCF3A3907BD7删除成功！
注册表项：HKEY_CLASSES_ROOT\Installer\Products\FEE98B82701700001220FCF3A3907BD7删除成功！
注册表项：HKEY_CLASSES_ROOT\Installer\Products\FEE98B82701700001320FCF3A3907BD7删除成功！
注册表项：HKEY_CLASSES_ROOT\Installer\Products\FEE98B82701700001520FCF3A3907BD7删除成功！
注册表项：HKEY_CLASSES_ROOT\Installer\Products\FEE98B82701700001830FCF3A3907BD7删除成功！
注册表项：HKEY_CLASSES_ROOT\Installer\Products\FEE98B82701740801220FCF3A3907BD7删除成功！
注册表项：HKEY_CLASSES_ROOT\Installer\Products\FEE98B82701740801420FCF3A3907BD7删除成功！
注册表项：HKEY_CLASSES_ROOT\Installer\Products\FEE98B82701740801620FCF3A3907BD7删除成功！
注册表项：HKEY_CLASSES_ROOT\Installer\Products\FF430282AC9162A41A92BDA3C3FF0AC2删除成功！
检查完成！

